<?xml version="1.0" encoding="UTF-8"?>
<testsuite xmlns:xsi="http://www.w3.org/2001/XMLSchema-instance" xsi:noNamespaceSchemaLocation="https://maven.apache.org/surefire/maven-surefire-plugin/xsd/surefire-test-report.xsd" name="com.kps.curencyconv.EurekaCcApplicationTests" time="0.915" tests="1" errors="1" skipped="0" failures="0">
  <properties>
    <property name="java.specification.version" value="15"/>
    <property name="sun.cpu.isalist" value="amd64"/>
    <property name="sun.jnu.encoding" value="Cp1252"/>
    <property name="java.class.path" value="C:\Users\PrasannaKommineni\Documents\workspace-spring-tool-suite-4-4.10.0.RELEASE\eureka-cc\target\test-classes;C:\Users\PrasannaKommineni\Documents\workspace-spring-tool-suite-4-4.10.0.RELEASE\eureka-cc\target\classes;C:\Users\PrasannaKommineni\.m2\repository\org\springframework\boot\spring-boot-starter-web\2.5.2\spring-boot-starter-web-2.5.2.jar;C:\Users\PrasannaKommineni\.m2\repository\org\springframework\boot\spring-boot-starter-json\2.5.2\spring-boot-starter-json-2.5.2.jar;C:\Users\PrasannaKommineni\.m2\repository\com\fasterxml\jackson\core\jackson-databind\2.12.3\jackson-databind-2.12.3.jar;C:\Users\PrasannaKommineni\.m2\repository\com\fasterxml\jackson\core\jackson-annotations\2.12.3\jackson-annotations-2.12.3.jar;C:\Users\PrasannaKommineni\.m2\repository\com\fasterxml\jackson\core\jackson-core\2.12.3\jackson-core-2.12.3.jar;C:\Users\PrasannaKommineni\.m2\repository\com\fasterxml\jackson\datatype\jackson-datatype-jdk8\2.12.3\jackson-datatype-jdk8-2.12.3.jar;C:\Users\PrasannaKommineni\.m2\repository\com\fasterxml\jackson\datatype\jackson-datatype-jsr310\2.12.3\jackson-datatype-jsr310-2.12.3.jar;C:\Users\PrasannaKommineni\.m2\repository\com\fasterxml\jackson\module\jackson-module-parameter-names\2.12.3\jackson-module-parameter-names-2.12.3.jar;C:\Users\PrasannaKommineni\.m2\repository\org\springframework\boot\spring-boot-starter-tomcat\2.5.2\spring-boot-starter-tomcat-2.5.2.jar;C:\Users\PrasannaKommineni\.m2\repository\org\apache\tomcat\embed\tomcat-embed-core\9.0.48\tomcat-embed-core-9.0.48.jar;C:\Users\PrasannaKommineni\.m2\repository\org\apache\tomcat\embed\tomcat-embed-el\9.0.48\tomcat-embed-el-9.0.48.jar;C:\Users\PrasannaKommineni\.m2\repository\org\apache\tomcat\embed\tomcat-embed-websocket\9.0.48\tomcat-embed-websocket-9.0.48.jar;C:\Users\PrasannaKommineni\.m2\repository\org\springframework\spring-web\5.3.8\spring-web-5.3.8.jar;C:\Users\PrasannaKommineni\.m2\repository\org\springframework\spring-beans\5.3.8\spring-beans-5.3.8.jar;C:\Users\PrasannaKommineni\.m2\repository\org\springframework\spring-webmvc\5.3.8\spring-webmvc-5.3.8.jar;C:\Users\PrasannaKommineni\.m2\repository\org\springframework\spring-aop\5.3.8\spring-aop-5.3.8.jar;C:\Users\PrasannaKommineni\.m2\repository\org\springframework\spring-context\5.3.8\spring-context-5.3.8.jar;C:\Users\PrasannaKommineni\.m2\repository\org\springframework\spring-expression\5.3.8\spring-expression-5.3.8.jar;C:\Users\PrasannaKommineni\.m2\repository\org\springframework\cloud\spring-cloud-starter-netflix-eureka-server\3.0.3\spring-cloud-starter-netflix-eureka-server-3.0.3.jar;C:\Users\PrasannaKommineni\.m2\repository\org\springframework\cloud\spring-cloud-starter\3.0.3\spring-cloud-starter-3.0.3.jar;C:\Users\PrasannaKommineni\.m2\repository\org\springframework\cloud\spring-cloud-context\3.0.3\spring-cloud-context-3.0.3.jar;C:\Users\PrasannaKommineni\.m2\repository\org\springframework\security\spring-security-rsa\1.0.10.RELEASE\spring-security-rsa-1.0.10.RELEASE.jar;C:\Users\PrasannaKommineni\.m2\repository\org\bouncycastle\bcpkix-jdk15on\1.68\bcpkix-jdk15on-1.68.jar;C:\Users\PrasannaKommineni\.m2\repository\org\bouncycastle\bcprov-jdk15on\1.68\bcprov-jdk15on-1.68.jar;C:\Users\PrasannaKommineni\.m2\repository\org\springframework\cloud\spring-cloud-netflix-eureka-server\3.0.3\spring-cloud-netflix-eureka-server-3.0.3.jar;C:\Users\PrasannaKommineni\.m2\repository\org\springframework\boot\spring-boot-starter-actuator\2.5.2\spring-boot-starter-actuator-2.5.2.jar;C:\Users\PrasannaKommineni\.m2\repository\org\springframework\boot\spring-boot-actuator-autoconfigure\2.5.2\spring-boot-actuator-autoconfigure-2.5.2.jar;C:\Users\PrasannaKommineni\.m2\repository\org\springframework\boot\spring-boot-actuator\2.5.2\spring-boot-actuator-2.5.2.jar;C:\Users\PrasannaKommineni\.m2\repository\io\micrometer\micrometer-core\1.7.1\micrometer-core-1.7.1.jar;C:\Users\PrasannaKommineni\.m2\repository\org\hdrhistogram\HdrHistogram\2.1.12\HdrHistogram-2.1.12.jar;C:\Users\PrasannaKommineni\.m2\repository\org\latencyutils\LatencyUtils\2.0.3\LatencyUtils-2.0.3.jar;C:\Users\PrasannaKommineni\.m2\repository\org\springframework\boot\spring-boot-starter-freemarker\2.5.2\spring-boot-starter-freemarker-2.5.2.jar;C:\Users\PrasannaKommineni\.m2\repository\org\freemarker\freemarker\2.3.31\freemarker-2.3.31.jar;C:\Users\PrasannaKommineni\.m2\repository\org\springframework\spring-context-support\5.3.8\spring-context-support-5.3.8.jar;C:\Users\PrasannaKommineni\.m2\repository\org\springframework\cloud\spring-cloud-netflix-eureka-client\3.0.3\spring-cloud-netflix-eureka-client-3.0.3.jar;C:\Users\PrasannaKommineni\.m2\repository\com\netflix\eureka\eureka-client\1.10.14\eureka-client-1.10.14.jar;C:\Users\PrasannaKommineni\.m2\repository\com\netflix\netflix-commons\netflix-eventbus\0.3.0\netflix-eventbus-0.3.0.jar;C:\Users\PrasannaKommineni\.m2\repository\com\netflix\netflix-commons\netflix-infix\0.3.0\netflix-infix-0.3.0.jar;C:\Users\PrasannaKommineni\.m2\repository\commons-jxpath\commons-jxpath\1.3\commons-jxpath-1.3.jar;C:\Users\PrasannaKommineni\.m2\repository\joda-time\joda-time\2.3\joda-time-2.3.jar;C:\Users\PrasannaKommineni\.m2\repository\org\antlr\antlr-runtime\3.4\antlr-runtime-3.4.jar;C:\Users\PrasannaKommineni\.m2\repository\org\antlr\stringtemplate\3.2.1\stringtemplate-3.2.1.jar;C:\Users\PrasannaKommineni\.m2\repository\antlr\antlr\2.7.7\antlr-2.7.7.jar;C:\Users\PrasannaKommineni\.m2\repository\com\google\code\gson\gson\2.8.7\gson-2.8.7.jar;C:\Users\PrasannaKommineni\.m2\repository\org\apache\commons\commons-math\2.2\commons-math-2.2.jar;C:\Users\PrasannaKommineni\.m2\repository\com\thoughtworks\xstream\xstream\1.4.16\xstream-1.4.16.jar;C:\Users\PrasannaKommineni\.m2\repository\io\github\x-stream\mxparser\1.2.1\mxparser-1.2.1.jar;C:\Users\PrasannaKommineni\.m2\repository\xmlpull\xmlpull\1.1.3.1\xmlpull-1.1.3.1.jar;C:\Users\PrasannaKommineni\.m2\repository\javax\ws\rs\jsr311-api\1.1.1\jsr311-api-1.1.1.jar;C:\Users\PrasannaKommineni\.m2\repository\com\netflix\servo\servo-core\0.12.21\servo-core-0.12.21.jar;C:\Users\PrasannaKommineni\.m2\repository\com\google\guava\guava\19.0\guava-19.0.jar;C:\Users\PrasannaKommineni\.m2\repository\com\sun\jersey\jersey-core\1.19.1\jersey-core-1.19.1.jar;C:\Users\PrasannaKommineni\.m2\repository\com\sun\jersey\contribs\jersey-apache-client4\1.19.1\jersey-apache-client4-1.19.1.jar;C:\Users\PrasannaKommineni\.m2\repository\org\apache\httpcomponents\httpclient\4.5.13\httpclient-4.5.13.jar;C:\Users\PrasannaKommineni\.m2\repository\org\apache\httpcomponents\httpcore\4.4.14\httpcore-4.4.14.jar;C:\Users\PrasannaKommineni\.m2\repository\commons-codec\commons-codec\1.15\commons-codec-1.15.jar;C:\Users\PrasannaKommineni\.m2\repository\commons-configuration\commons-configuration\1.10\commons-configuration-1.10.jar;C:\Users\PrasannaKommineni\.m2\repository\commons-lang\commons-lang\2.6\commons-lang-2.6.jar;C:\Users\PrasannaKommineni\.m2\repository\com\google\inject\guice\4.1.0\guice-4.1.0.jar;C:\Users\PrasannaKommineni\.m2\repository\aopalliance\aopalliance\1.0\aopalliance-1.0.jar;C:\Users\PrasannaKommineni\.m2\repository\org\codehaus\jettison\jettison\1.4.0\jettison-1.4.0.jar;C:\Users\PrasannaKommineni\.m2\repository\com\sun\jersey\jersey-servlet\1.19.4\jersey-servlet-1.19.4.jar;C:\Users\PrasannaKommineni\.m2\repository\com\sun\jersey\jersey-server\1.19.4\jersey-server-1.19.4.jar;C:\Users\PrasannaKommineni\.m2\repository\com\sun\jersey\jersey-client\1.19.4\jersey-client-1.19.4.jar;C:\Users\PrasannaKommineni\.m2\repository\com\netflix\eureka\eureka-core\1.10.14\eureka-core-1.10.14.jar;C:\Users\PrasannaKommineni\.m2\repository\com\fasterxml\woodstox\woodstox-core\6.2.1\woodstox-core-6.2.1.jar;C:\Users\PrasannaKommineni\.m2\repository\javax\inject\javax.inject\1\javax.inject-1.jar;C:\Users\PrasannaKommineni\.m2\repository\com\fasterxml\jackson\dataformat\jackson-dataformat-xml\2.12.3\jackson-dataformat-xml-2.12.3.jar;C:\Users\PrasannaKommineni\.m2\repository\com\fasterxml\jackson\module\jackson-module-jaxb-annotations\2.12.3\jackson-module-jaxb-annotations-2.12.3.jar;C:\Users\PrasannaKommineni\.m2\repository\org\codehaus\woodstox\stax2-api\4.2.1\stax2-api-4.2.1.jar;C:\Users\PrasannaKommineni\.m2\repository\org\springframework\cloud\spring-cloud-starter-loadbalancer\3.0.3\spring-cloud-starter-loadbalancer-3.0.3.jar;C:\Users\PrasannaKommineni\.m2\repository\org\springframework\cloud\spring-cloud-loadbalancer\3.0.3\spring-cloud-loadbalancer-3.0.3.jar;C:\Users\PrasannaKommineni\.m2\repository\org\springframework\boot\spring-boot-starter-validation\2.5.2\spring-boot-starter-validation-2.5.2.jar;C:\Users\PrasannaKommineni\.m2\repository\org\hibernate\validator\hibernate-validator\6.2.0.Final\hibernate-validator-6.2.0.Final.jar;C:\Users\PrasannaKommineni\.m2\repository\jakarta\validation\jakarta.validation-api\2.0.2\jakarta.validation-api-2.0.2.jar;C:\Users\PrasannaKommineni\.m2\repository\org\jboss\logging\jboss-logging\3.4.2.Final\jboss-logging-3.4.2.Final.jar;C:\Users\PrasannaKommineni\.m2\repository\com\fasterxml\classmate\1.5.1\classmate-1.5.1.jar;C:\Users\PrasannaKommineni\.m2\repository\io\projectreactor\reactor-core\3.4.7\reactor-core-3.4.7.jar;C:\Users\PrasannaKommineni\.m2\repository\org\reactivestreams\reactive-streams\1.0.3\reactive-streams-1.0.3.jar;C:\Users\PrasannaKommineni\.m2\repository\io\projectreactor\addons\reactor-extra\3.4.3\reactor-extra-3.4.3.jar;C:\Users\PrasannaKommineni\.m2\repository\org\springframework\boot\spring-boot-starter-cache\2.5.2\spring-boot-starter-cache-2.5.2.jar;C:\Users\PrasannaKommineni\.m2\repository\com\stoyanr\evictor\1.0.0\evictor-1.0.0.jar;C:\Users\PrasannaKommineni\.m2\repository\org\glassfish\jaxb\jaxb-runtime\2.3.4\jaxb-runtime-2.3.4.jar;C:\Users\PrasannaKommineni\.m2\repository\org\glassfish\jaxb\txw2\2.3.4\txw2-2.3.4.jar;C:\Users\PrasannaKommineni\.m2\repository\com\sun\istack\istack-commons-runtime\3.0.12\istack-commons-runtime-3.0.12.jar;C:\Users\PrasannaKommineni\.m2\repository\com\sun\activation\jakarta.activation\1.2.2\jakarta.activation-1.2.2.jar;C:\Users\PrasannaKommineni\.m2\repository\org\springframework\boot\spring-boot-starter-test\2.5.2\spring-boot-starter-test-2.5.2.jar;C:\Users\PrasannaKommineni\.m2\repository\org\springframework\boot\spring-boot-test\2.5.2\spring-boot-test-2.5.2.jar;C:\Users\PrasannaKommineni\.m2\repository\org\springframework\boot\spring-boot-test-autoconfigure\2.5.2\spring-boot-test-autoconfigure-2.5.2.jar;C:\Users\PrasannaKommineni\.m2\repository\com\jayway\jsonpath\json-path\2.5.0\json-path-2.5.0.jar;C:\Users\PrasannaKommineni\.m2\repository\net\minidev\json-smart\2.4.7\json-smart-2.4.7.jar;C:\Users\PrasannaKommineni\.m2\repository\net\minidev\accessors-smart\2.4.7\accessors-smart-2.4.7.jar;C:\Users\PrasannaKommineni\.m2\repository\org\ow2\asm\asm\9.1\asm-9.1.jar;C:\Users\PrasannaKommineni\.m2\repository\org\slf4j\slf4j-api\1.7.31\slf4j-api-1.7.31.jar;C:\Users\PrasannaKommineni\.m2\repository\jakarta\xml\bind\jakarta.xml.bind-api\2.3.3\jakarta.xml.bind-api-2.3.3.jar;C:\Users\PrasannaKommineni\.m2\repository\jakarta\activation\jakarta.activation-api\1.2.2\jakarta.activation-api-1.2.2.jar;C:\Users\PrasannaKommineni\.m2\repository\org\assertj\assertj-core\3.19.0\assertj-core-3.19.0.jar;C:\Users\PrasannaKommineni\.m2\repository\org\hamcrest\hamcrest\2.2\hamcrest-2.2.jar;C:\Users\PrasannaKommineni\.m2\repository\org\junit\jupiter\junit-jupiter\5.7.2\junit-jupiter-5.7.2.jar;C:\Users\PrasannaKommineni\.m2\repository\org\junit\jupiter\junit-jupiter-api\5.7.2\junit-jupiter-api-5.7.2.jar;C:\Users\PrasannaKommineni\.m2\repository\org\apiguardian\apiguardian-api\1.1.0\apiguardian-api-1.1.0.jar;C:\Users\PrasannaKommineni\.m2\repository\org\opentest4j\opentest4j\1.2.0\opentest4j-1.2.0.jar;C:\Users\PrasannaKommineni\.m2\repository\org\junit\platform\junit-platform-commons\1.7.2\junit-platform-commons-1.7.2.jar;C:\Users\PrasannaKommineni\.m2\repository\org\junit\jupiter\junit-jupiter-params\5.7.2\junit-jupiter-params-5.7.2.jar;C:\Users\PrasannaKommineni\.m2\repository\org\junit\jupiter\junit-jupiter-engine\5.7.2\junit-jupiter-engine-5.7.2.jar;C:\Users\PrasannaKommineni\.m2\repository\org\junit\platform\junit-platform-engine\1.7.2\junit-platform-engine-1.7.2.jar;C:\Users\PrasannaKommineni\.m2\repository\org\mockito\mockito-core\3.9.0\mockito-core-3.9.0.jar;C:\Users\PrasannaKommineni\.m2\repository\net\bytebuddy\byte-buddy\1.10.22\byte-buddy-1.10.22.jar;C:\Users\PrasannaKommineni\.m2\repository\net\bytebuddy\byte-buddy-agent\1.10.22\byte-buddy-agent-1.10.22.jar;C:\Users\PrasannaKommineni\.m2\repository\org\objenesis\objenesis\3.2\objenesis-3.2.jar;C:\Users\PrasannaKommineni\.m2\repository\org\mockito\mockito-junit-jupiter\3.9.0\mockito-junit-jupiter-3.9.0.jar;C:\Users\PrasannaKommineni\.m2\repository\org\skyscreamer\jsonassert\1.5.0\jsonassert-1.5.0.jar;C:\Users\PrasannaKommineni\.m2\repository\com\vaadin\external\google\android-json\0.0.20131108.vaadin1\android-json-0.0.20131108.vaadin1.jar;C:\Users\PrasannaKommineni\.m2\repository\org\springframework\spring-core\5.3.8\spring-core-5.3.8.jar;C:\Users\PrasannaKommineni\.m2\repository\org\springframework\spring-jcl\5.3.8\spring-jcl-5.3.8.jar;C:\Users\PrasannaKommineni\.m2\repository\org\springframework\spring-test\5.3.8\spring-test-5.3.8.jar;C:\Users\PrasannaKommineni\.m2\repository\org\xmlunit\xmlunit-core\2.8.2\xmlunit-core-2.8.2.jar;C:\Users\PrasannaKommineni\.m2\repository\org\springframework\boot\spring-boot-starter\2.5.2\spring-boot-starter-2.5.2.jar;C:\Users\PrasannaKommineni\.m2\repository\org\springframework\boot\spring-boot\2.5.2\spring-boot-2.5.2.jar;C:\Users\PrasannaKommineni\.m2\repository\org\springframework\boot\spring-boot-autoconfigure\2.5.2\spring-boot-autoconfigure-2.5.2.jar;C:\Users\PrasannaKommineni\.m2\repository\org\springframework\boot\spring-boot-starter-logging\2.5.2\spring-boot-starter-logging-2.5.2.jar;C:\Users\PrasannaKommineni\.m2\repository\ch\qos\logback\logback-classic\1.2.3\logback-classic-1.2.3.jar;C:\Users\PrasannaKommineni\.m2\repository\ch\qos\logback\logback-core\1.2.3\logback-core-1.2.3.jar;C:\Users\PrasannaKommineni\.m2\repository\org\apache\logging\log4j\log4j-to-slf4j\2.14.1\log4j-to-slf4j-2.14.1.jar;C:\Users\PrasannaKommineni\.m2\repository\org\apache\logging\log4j\log4j-api\2.14.1\log4j-api-2.14.1.jar;C:\Users\PrasannaKommineni\.m2\repository\org\slf4j\jul-to-slf4j\1.7.31\jul-to-slf4j-1.7.31.jar;C:\Users\PrasannaKommineni\.m2\repository\jakarta\annotation\jakarta.annotation-api\1.3.5\jakarta.annotation-api-1.3.5.jar;C:\Users\PrasannaKommineni\.m2\repository\org\yaml\snakeyaml\1.28\snakeyaml-1.28.jar;C:\Users\PrasannaKommineni\.m2\repository\org\springframework\cloud\spring-cloud-sleuth-zipkin\3.0.3\spring-cloud-sleuth-zipkin-3.0.3.jar;C:\Users\PrasannaKommineni\.m2\repository\org\springframework\cloud\spring-cloud-sleuth-instrumentation\3.0.3\spring-cloud-sleuth-instrumentation-3.0.3.jar;C:\Users\PrasannaKommineni\.m2\repository\org\springframework\cloud\spring-cloud-sleuth-api\3.0.3\spring-cloud-sleuth-api-3.0.3.jar;C:\Users\PrasannaKommineni\.m2\repository\org\aspectj\aspectjrt\1.9.6\aspectjrt-1.9.6.jar;C:\Users\PrasannaKommineni\.m2\repository\org\springframework\cloud\spring-cloud-commons\3.0.3\spring-cloud-commons-3.0.3.jar;C:\Users\PrasannaKommineni\.m2\repository\org\springframework\security\spring-security-crypto\5.5.1\spring-security-crypto-5.5.1.jar;C:\Users\PrasannaKommineni\.m2\repository\io\zipkin\zipkin2\zipkin\2.23.0\zipkin-2.23.0.jar;C:\Users\PrasannaKommineni\.m2\repository\io\zipkin\reporter2\zipkin-reporter\2.16.1\zipkin-reporter-2.16.1.jar;C:\Users\PrasannaKommineni\.m2\repository\io\zipkin\reporter2\zipkin-reporter-brave\2.16.1\zipkin-reporter-brave-2.16.1.jar;C:\Users\PrasannaKommineni\.m2\repository\io\zipkin\reporter2\zipkin-sender-kafka\2.16.1\zipkin-sender-kafka-2.16.1.jar;C:\Users\PrasannaKommineni\.m2\repository\io\zipkin\reporter2\zipkin-sender-activemq-client\2.16.1\zipkin-sender-activemq-client-2.16.1.jar;C:\Users\PrasannaKommineni\.m2\repository\io\zipkin\reporter2\zipkin-sender-amqp-client\2.16.1\zipkin-sender-amqp-client-2.16.1.jar;C:\Users\PrasannaKommineni\.m2\repository\org\springframework\cloud\spring-cloud-starter-sleuth\3.0.3\spring-cloud-starter-sleuth-3.0.3.jar;C:\Users\PrasannaKommineni\.m2\repository\org\springframework\boot\spring-boot-starter-aop\2.5.2\spring-boot-starter-aop-2.5.2.jar;C:\Users\PrasannaKommineni\.m2\repository\org\aspectj\aspectjweaver\1.9.6\aspectjweaver-1.9.6.jar;C:\Users\PrasannaKommineni\.m2\repository\org\springframework\cloud\spring-cloud-sleuth-autoconfigure\3.0.3\spring-cloud-sleuth-autoconfigure-3.0.3.jar;C:\Users\PrasannaKommineni\.m2\repository\org\springframework\cloud\spring-cloud-sleuth-brave\3.0.3\spring-cloud-sleuth-brave-3.0.3.jar;C:\Users\PrasannaKommineni\.m2\repository\io\zipkin\brave\brave\5.13.2\brave-5.13.2.jar;C:\Users\PrasannaKommineni\.m2\repository\io\zipkin\brave\brave-context-slf4j\5.13.2\brave-context-slf4j-5.13.2.jar;C:\Users\PrasannaKommineni\.m2\repository\io\zipkin\brave\brave-instrumentation-messaging\5.13.2\brave-instrumentation-messaging-5.13.2.jar;C:\Users\PrasannaKommineni\.m2\repository\io\zipkin\brave\brave-instrumentation-rpc\5.13.2\brave-instrumentation-rpc-5.13.2.jar;C:\Users\PrasannaKommineni\.m2\repository\io\zipkin\brave\brave-instrumentation-spring-rabbit\5.13.2\brave-instrumentation-spring-rabbit-5.13.2.jar;C:\Users\PrasannaKommineni\.m2\repository\io\zipkin\brave\brave-instrumentation-kafka-clients\5.13.2\brave-instrumentation-kafka-clients-5.13.2.jar;C:\Users\PrasannaKommineni\.m2\repository\io\zipkin\brave\brave-instrumentation-kafka-streams\5.13.2\brave-instrumentation-kafka-streams-5.13.2.jar;C:\Users\PrasannaKommineni\.m2\repository\io\zipkin\brave\brave-instrumentation-httpclient\5.13.2\brave-instrumentation-httpclient-5.13.2.jar;C:\Users\PrasannaKommineni\.m2\repository\io\zipkin\brave\brave-instrumentation-http\5.13.2\brave-instrumentation-http-5.13.2.jar;C:\Users\PrasannaKommineni\.m2\repository\io\zipkin\brave\brave-instrumentation-httpasyncclient\5.13.2\brave-instrumentation-httpasyncclient-5.13.2.jar;C:\Users\PrasannaKommineni\.m2\repository\io\zipkin\brave\brave-instrumentation-jms\5.13.2\brave-instrumentation-jms-5.13.2.jar;C:\Users\PrasannaKommineni\.m2\repository\io\zipkin\brave\brave-instrumentation-mongodb\5.13.2\brave-instrumentation-mongodb-5.13.2.jar;C:\Users\PrasannaKommineni\.m2\repository\io\zipkin\aws\brave-propagation-aws\0.21.3\brave-propagation-aws-0.21.3.jar;C:\Users\PrasannaKommineni\.m2\repository\io\zipkin\reporter2\zipkin-reporter-metrics-micrometer\2.16.1\zipkin-reporter-metrics-micrometer-2.16.1.jar;"/>
    <property name="java.vm.vendor" value="Oracle Corporation"/>
    <property name="sun.arch.data.model" value="64"/>
    <property name="user.variant" value=""/>
    <property name="java.vendor.url" value="https://java.oracle.com/"/>
    <property name="user.timezone" value="Asia/Calcutta"/>
    <property name="os.name" value="Windows 10"/>
    <property name="java.vm.specification.version" value="15"/>
    <property name="sun.java.launcher" value="SUN_STANDARD"/>
    <property name="user.country" value="IN"/>
    <property name="sun.boot.library.path" value="C:\Program Files\Java\jdk-15.0.1\bin"/>
    <property name="sun.java.command" value="C:\Users\PRASAN~1\AppData\Local\Temp\surefire12776100494276181502\surefirebooter9179378434456167125.jar C:\Users\PrasannaKommineni\AppData\Local\Temp\surefire12776100494276181502 2021-07-12T17-32-47_035-jvmRun1 surefire17410214706975910406tmp surefire_09113559758499717412tmp"/>
    <property name="jdk.debug" value="release"/>
    <property name="surefire.test.class.path" value="C:\Users\PrasannaKommineni\Documents\workspace-spring-tool-suite-4-4.10.0.RELEASE\eureka-cc\target\test-classes;C:\Users\PrasannaKommineni\Documents\workspace-spring-tool-suite-4-4.10.0.RELEASE\eureka-cc\target\classes;C:\Users\PrasannaKommineni\.m2\repository\org\springframework\boot\spring-boot-starter-web\2.5.2\spring-boot-starter-web-2.5.2.jar;C:\Users\PrasannaKommineni\.m2\repository\org\springframework\boot\spring-boot-starter-json\2.5.2\spring-boot-starter-json-2.5.2.jar;C:\Users\PrasannaKommineni\.m2\repository\com\fasterxml\jackson\core\jackson-databind\2.12.3\jackson-databind-2.12.3.jar;C:\Users\PrasannaKommineni\.m2\repository\com\fasterxml\jackson\core\jackson-annotations\2.12.3\jackson-annotations-2.12.3.jar;C:\Users\PrasannaKommineni\.m2\repository\com\fasterxml\jackson\core\jackson-core\2.12.3\jackson-core-2.12.3.jar;C:\Users\PrasannaKommineni\.m2\repository\com\fasterxml\jackson\datatype\jackson-datatype-jdk8\2.12.3\jackson-datatype-jdk8-2.12.3.jar;C:\Users\PrasannaKommineni\.m2\repository\com\fasterxml\jackson\datatype\jackson-datatype-jsr310\2.12.3\jackson-datatype-jsr310-2.12.3.jar;C:\Users\PrasannaKommineni\.m2\repository\com\fasterxml\jackson\module\jackson-module-parameter-names\2.12.3\jackson-module-parameter-names-2.12.3.jar;C:\Users\PrasannaKommineni\.m2\repository\org\springframework\boot\spring-boot-starter-tomcat\2.5.2\spring-boot-starter-tomcat-2.5.2.jar;C:\Users\PrasannaKommineni\.m2\repository\org\apache\tomcat\embed\tomcat-embed-core\9.0.48\tomcat-embed-core-9.0.48.jar;C:\Users\PrasannaKommineni\.m2\repository\org\apache\tomcat\embed\tomcat-embed-el\9.0.48\tomcat-embed-el-9.0.48.jar;C:\Users\PrasannaKommineni\.m2\repository\org\apache\tomcat\embed\tomcat-embed-websocket\9.0.48\tomcat-embed-websocket-9.0.48.jar;C:\Users\PrasannaKommineni\.m2\repository\org\springframework\spring-web\5.3.8\spring-web-5.3.8.jar;C:\Users\PrasannaKommineni\.m2\repository\org\springframework\spring-beans\5.3.8\spring-beans-5.3.8.jar;C:\Users\PrasannaKommineni\.m2\repository\org\springframework\spring-webmvc\5.3.8\spring-webmvc-5.3.8.jar;C:\Users\PrasannaKommineni\.m2\repository\org\springframework\spring-aop\5.3.8\spring-aop-5.3.8.jar;C:\Users\PrasannaKommineni\.m2\repository\org\springframework\spring-context\5.3.8\spring-context-5.3.8.jar;C:\Users\PrasannaKommineni\.m2\repository\org\springframework\spring-expression\5.3.8\spring-expression-5.3.8.jar;C:\Users\PrasannaKommineni\.m2\repository\org\springframework\cloud\spring-cloud-starter-netflix-eureka-server\3.0.3\spring-cloud-starter-netflix-eureka-server-3.0.3.jar;C:\Users\PrasannaKommineni\.m2\repository\org\springframework\cloud\spring-cloud-starter\3.0.3\spring-cloud-starter-3.0.3.jar;C:\Users\PrasannaKommineni\.m2\repository\org\springframework\cloud\spring-cloud-context\3.0.3\spring-cloud-context-3.0.3.jar;C:\Users\PrasannaKommineni\.m2\repository\org\springframework\security\spring-security-rsa\1.0.10.RELEASE\spring-security-rsa-1.0.10.RELEASE.jar;C:\Users\PrasannaKommineni\.m2\repository\org\bouncycastle\bcpkix-jdk15on\1.68\bcpkix-jdk15on-1.68.jar;C:\Users\PrasannaKommineni\.m2\repository\org\bouncycastle\bcprov-jdk15on\1.68\bcprov-jdk15on-1.68.jar;C:\Users\PrasannaKommineni\.m2\repository\org\springframework\cloud\spring-cloud-netflix-eureka-server\3.0.3\spring-cloud-netflix-eureka-server-3.0.3.jar;C:\Users\PrasannaKommineni\.m2\repository\org\springframework\boot\spring-boot-starter-actuator\2.5.2\spring-boot-starter-actuator-2.5.2.jar;C:\Users\PrasannaKommineni\.m2\repository\org\springframework\boot\spring-boot-actuator-autoconfigure\2.5.2\spring-boot-actuator-autoconfigure-2.5.2.jar;C:\Users\PrasannaKommineni\.m2\repository\org\springframework\boot\spring-boot-actuator\2.5.2\spring-boot-actuator-2.5.2.jar;C:\Users\PrasannaKommineni\.m2\repository\io\micrometer\micrometer-core\1.7.1\micrometer-core-1.7.1.jar;C:\Users\PrasannaKommineni\.m2\repository\org\hdrhistogram\HdrHistogram\2.1.12\HdrHistogram-2.1.12.jar;C:\Users\PrasannaKommineni\.m2\repository\org\latencyutils\LatencyUtils\2.0.3\LatencyUtils-2.0.3.jar;C:\Users\PrasannaKommineni\.m2\repository\org\springframework\boot\spring-boot-starter-freemarker\2.5.2\spring-boot-starter-freemarker-2.5.2.jar;C:\Users\PrasannaKommineni\.m2\repository\org\freemarker\freemarker\2.3.31\freemarker-2.3.31.jar;C:\Users\PrasannaKommineni\.m2\repository\org\springframework\spring-context-support\5.3.8\spring-context-support-5.3.8.jar;C:\Users\PrasannaKommineni\.m2\repository\org\springframework\cloud\spring-cloud-netflix-eureka-client\3.0.3\spring-cloud-netflix-eureka-client-3.0.3.jar;C:\Users\PrasannaKommineni\.m2\repository\com\netflix\eureka\eureka-client\1.10.14\eureka-client-1.10.14.jar;C:\Users\PrasannaKommineni\.m2\repository\com\netflix\netflix-commons\netflix-eventbus\0.3.0\netflix-eventbus-0.3.0.jar;C:\Users\PrasannaKommineni\.m2\repository\com\netflix\netflix-commons\netflix-infix\0.3.0\netflix-infix-0.3.0.jar;C:\Users\PrasannaKommineni\.m2\repository\commons-jxpath\commons-jxpath\1.3\commons-jxpath-1.3.jar;C:\Users\PrasannaKommineni\.m2\repository\joda-time\joda-time\2.3\joda-time-2.3.jar;C:\Users\PrasannaKommineni\.m2\repository\org\antlr\antlr-runtime\3.4\antlr-runtime-3.4.jar;C:\Users\PrasannaKommineni\.m2\repository\org\antlr\stringtemplate\3.2.1\stringtemplate-3.2.1.jar;C:\Users\PrasannaKommineni\.m2\repository\antlr\antlr\2.7.7\antlr-2.7.7.jar;C:\Users\PrasannaKommineni\.m2\repository\com\google\code\gson\gson\2.8.7\gson-2.8.7.jar;C:\Users\PrasannaKommineni\.m2\repository\org\apache\commons\commons-math\2.2\commons-math-2.2.jar;C:\Users\PrasannaKommineni\.m2\repository\com\thoughtworks\xstream\xstream\1.4.16\xstream-1.4.16.jar;C:\Users\PrasannaKommineni\.m2\repository\io\github\x-stream\mxparser\1.2.1\mxparser-1.2.1.jar;C:\Users\PrasannaKommineni\.m2\repository\xmlpull\xmlpull\1.1.3.1\xmlpull-1.1.3.1.jar;C:\Users\PrasannaKommineni\.m2\repository\javax\ws\rs\jsr311-api\1.1.1\jsr311-api-1.1.1.jar;C:\Users\PrasannaKommineni\.m2\repository\com\netflix\servo\servo-core\0.12.21\servo-core-0.12.21.jar;C:\Users\PrasannaKommineni\.m2\repository\com\google\guava\guava\19.0\guava-19.0.jar;C:\Users\PrasannaKommineni\.m2\repository\com\sun\jersey\jersey-core\1.19.1\jersey-core-1.19.1.jar;C:\Users\PrasannaKommineni\.m2\repository\com\sun\jersey\contribs\jersey-apache-client4\1.19.1\jersey-apache-client4-1.19.1.jar;C:\Users\PrasannaKommineni\.m2\repository\org\apache\httpcomponents\httpclient\4.5.13\httpclient-4.5.13.jar;C:\Users\PrasannaKommineni\.m2\repository\org\apache\httpcomponents\httpcore\4.4.14\httpcore-4.4.14.jar;C:\Users\PrasannaKommineni\.m2\repository\commons-codec\commons-codec\1.15\commons-codec-1.15.jar;C:\Users\PrasannaKommineni\.m2\repository\commons-configuration\commons-configuration\1.10\commons-configuration-1.10.jar;C:\Users\PrasannaKommineni\.m2\repository\commons-lang\commons-lang\2.6\commons-lang-2.6.jar;C:\Users\PrasannaKommineni\.m2\repository\com\google\inject\guice\4.1.0\guice-4.1.0.jar;C:\Users\PrasannaKommineni\.m2\repository\aopalliance\aopalliance\1.0\aopalliance-1.0.jar;C:\Users\PrasannaKommineni\.m2\repository\org\codehaus\jettison\jettison\1.4.0\jettison-1.4.0.jar;C:\Users\PrasannaKommineni\.m2\repository\com\sun\jersey\jersey-servlet\1.19.4\jersey-servlet-1.19.4.jar;C:\Users\PrasannaKommineni\.m2\repository\com\sun\jersey\jersey-server\1.19.4\jersey-server-1.19.4.jar;C:\Users\PrasannaKommineni\.m2\repository\com\sun\jersey\jersey-client\1.19.4\jersey-client-1.19.4.jar;C:\Users\PrasannaKommineni\.m2\repository\com\netflix\eureka\eureka-core\1.10.14\eureka-core-1.10.14.jar;C:\Users\PrasannaKommineni\.m2\repository\com\fasterxml\woodstox\woodstox-core\6.2.1\woodstox-core-6.2.1.jar;C:\Users\PrasannaKommineni\.m2\repository\javax\inject\javax.inject\1\javax.inject-1.jar;C:\Users\PrasannaKommineni\.m2\repository\com\fasterxml\jackson\dataformat\jackson-dataformat-xml\2.12.3\jackson-dataformat-xml-2.12.3.jar;C:\Users\PrasannaKommineni\.m2\repository\com\fasterxml\jackson\module\jackson-module-jaxb-annotations\2.12.3\jackson-module-jaxb-annotations-2.12.3.jar;C:\Users\PrasannaKommineni\.m2\repository\org\codehaus\woodstox\stax2-api\4.2.1\stax2-api-4.2.1.jar;C:\Users\PrasannaKommineni\.m2\repository\org\springframework\cloud\spring-cloud-starter-loadbalancer\3.0.3\spring-cloud-starter-loadbalancer-3.0.3.jar;C:\Users\PrasannaKommineni\.m2\repository\org\springframework\cloud\spring-cloud-loadbalancer\3.0.3\spring-cloud-loadbalancer-3.0.3.jar;C:\Users\PrasannaKommineni\.m2\repository\org\springframework\boot\spring-boot-starter-validation\2.5.2\spring-boot-starter-validation-2.5.2.jar;C:\Users\PrasannaKommineni\.m2\repository\org\hibernate\validator\hibernate-validator\6.2.0.Final\hibernate-validator-6.2.0.Final.jar;C:\Users\PrasannaKommineni\.m2\repository\jakarta\validation\jakarta.validation-api\2.0.2\jakarta.validation-api-2.0.2.jar;C:\Users\PrasannaKommineni\.m2\repository\org\jboss\logging\jboss-logging\3.4.2.Final\jboss-logging-3.4.2.Final.jar;C:\Users\PrasannaKommineni\.m2\repository\com\fasterxml\classmate\1.5.1\classmate-1.5.1.jar;C:\Users\PrasannaKommineni\.m2\repository\io\projectreactor\reactor-core\3.4.7\reactor-core-3.4.7.jar;C:\Users\PrasannaKommineni\.m2\repository\org\reactivestreams\reactive-streams\1.0.3\reactive-streams-1.0.3.jar;C:\Users\PrasannaKommineni\.m2\repository\io\projectreactor\addons\reactor-extra\3.4.3\reactor-extra-3.4.3.jar;C:\Users\PrasannaKommineni\.m2\repository\org\springframework\boot\spring-boot-starter-cache\2.5.2\spring-boot-starter-cache-2.5.2.jar;C:\Users\PrasannaKommineni\.m2\repository\com\stoyanr\evictor\1.0.0\evictor-1.0.0.jar;C:\Users\PrasannaKommineni\.m2\repository\org\glassfish\jaxb\jaxb-runtime\2.3.4\jaxb-runtime-2.3.4.jar;C:\Users\PrasannaKommineni\.m2\repository\org\glassfish\jaxb\txw2\2.3.4\txw2-2.3.4.jar;C:\Users\PrasannaKommineni\.m2\repository\com\sun\istack\istack-commons-runtime\3.0.12\istack-commons-runtime-3.0.12.jar;C:\Users\PrasannaKommineni\.m2\repository\com\sun\activation\jakarta.activation\1.2.2\jakarta.activation-1.2.2.jar;C:\Users\PrasannaKommineni\.m2\repository\org\springframework\boot\spring-boot-starter-test\2.5.2\spring-boot-starter-test-2.5.2.jar;C:\Users\PrasannaKommineni\.m2\repository\org\springframework\boot\spring-boot-test\2.5.2\spring-boot-test-2.5.2.jar;C:\Users\PrasannaKommineni\.m2\repository\org\springframework\boot\spring-boot-test-autoconfigure\2.5.2\spring-boot-test-autoconfigure-2.5.2.jar;C:\Users\PrasannaKommineni\.m2\repository\com\jayway\jsonpath\json-path\2.5.0\json-path-2.5.0.jar;C:\Users\PrasannaKommineni\.m2\repository\net\minidev\json-smart\2.4.7\json-smart-2.4.7.jar;C:\Users\PrasannaKommineni\.m2\repository\net\minidev\accessors-smart\2.4.7\accessors-smart-2.4.7.jar;C:\Users\PrasannaKommineni\.m2\repository\org\ow2\asm\asm\9.1\asm-9.1.jar;C:\Users\PrasannaKommineni\.m2\repository\org\slf4j\slf4j-api\1.7.31\slf4j-api-1.7.31.jar;C:\Users\PrasannaKommineni\.m2\repository\jakarta\xml\bind\jakarta.xml.bind-api\2.3.3\jakarta.xml.bind-api-2.3.3.jar;C:\Users\PrasannaKommineni\.m2\repository\jakarta\activation\jakarta.activation-api\1.2.2\jakarta.activation-api-1.2.2.jar;C:\Users\PrasannaKommineni\.m2\repository\org\assertj\assertj-core\3.19.0\assertj-core-3.19.0.jar;C:\Users\PrasannaKommineni\.m2\repository\org\hamcrest\hamcrest\2.2\hamcrest-2.2.jar;C:\Users\PrasannaKommineni\.m2\repository\org\junit\jupiter\junit-jupiter\5.7.2\junit-jupiter-5.7.2.jar;C:\Users\PrasannaKommineni\.m2\repository\org\junit\jupiter\junit-jupiter-api\5.7.2\junit-jupiter-api-5.7.2.jar;C:\Users\PrasannaKommineni\.m2\repository\org\apiguardian\apiguardian-api\1.1.0\apiguardian-api-1.1.0.jar;C:\Users\PrasannaKommineni\.m2\repository\org\opentest4j\opentest4j\1.2.0\opentest4j-1.2.0.jar;C:\Users\PrasannaKommineni\.m2\repository\org\junit\platform\junit-platform-commons\1.7.2\junit-platform-commons-1.7.2.jar;C:\Users\PrasannaKommineni\.m2\repository\org\junit\jupiter\junit-jupiter-params\5.7.2\junit-jupiter-params-5.7.2.jar;C:\Users\PrasannaKommineni\.m2\repository\org\junit\jupiter\junit-jupiter-engine\5.7.2\junit-jupiter-engine-5.7.2.jar;C:\Users\PrasannaKommineni\.m2\repository\org\junit\platform\junit-platform-engine\1.7.2\junit-platform-engine-1.7.2.jar;C:\Users\PrasannaKommineni\.m2\repository\org\mockito\mockito-core\3.9.0\mockito-core-3.9.0.jar;C:\Users\PrasannaKommineni\.m2\repository\net\bytebuddy\byte-buddy\1.10.22\byte-buddy-1.10.22.jar;C:\Users\PrasannaKommineni\.m2\repository\net\bytebuddy\byte-buddy-agent\1.10.22\byte-buddy-agent-1.10.22.jar;C:\Users\PrasannaKommineni\.m2\repository\org\objenesis\objenesis\3.2\objenesis-3.2.jar;C:\Users\PrasannaKommineni\.m2\repository\org\mockito\mockito-junit-jupiter\3.9.0\mockito-junit-jupiter-3.9.0.jar;C:\Users\PrasannaKommineni\.m2\repository\org\skyscreamer\jsonassert\1.5.0\jsonassert-1.5.0.jar;C:\Users\PrasannaKommineni\.m2\repository\com\vaadin\external\google\android-json\0.0.20131108.vaadin1\android-json-0.0.20131108.vaadin1.jar;C:\Users\PrasannaKommineni\.m2\repository\org\springframework\spring-core\5.3.8\spring-core-5.3.8.jar;C:\Users\PrasannaKommineni\.m2\repository\org\springframework\spring-jcl\5.3.8\spring-jcl-5.3.8.jar;C:\Users\PrasannaKommineni\.m2\repository\org\springframework\spring-test\5.3.8\spring-test-5.3.8.jar;C:\Users\PrasannaKommineni\.m2\repository\org\xmlunit\xmlunit-core\2.8.2\xmlunit-core-2.8.2.jar;C:\Users\PrasannaKommineni\.m2\repository\org\springframework\boot\spring-boot-starter\2.5.2\spring-boot-starter-2.5.2.jar;C:\Users\PrasannaKommineni\.m2\repository\org\springframework\boot\spring-boot\2.5.2\spring-boot-2.5.2.jar;C:\Users\PrasannaKommineni\.m2\repository\org\springframework\boot\spring-boot-autoconfigure\2.5.2\spring-boot-autoconfigure-2.5.2.jar;C:\Users\PrasannaKommineni\.m2\repository\org\springframework\boot\spring-boot-starter-logging\2.5.2\spring-boot-starter-logging-2.5.2.jar;C:\Users\PrasannaKommineni\.m2\repository\ch\qos\logback\logback-classic\1.2.3\logback-classic-1.2.3.jar;C:\Users\PrasannaKommineni\.m2\repository\ch\qos\logback\logback-core\1.2.3\logback-core-1.2.3.jar;C:\Users\PrasannaKommineni\.m2\repository\org\apache\logging\log4j\log4j-to-slf4j\2.14.1\log4j-to-slf4j-2.14.1.jar;C:\Users\PrasannaKommineni\.m2\repository\org\apache\logging\log4j\log4j-api\2.14.1\log4j-api-2.14.1.jar;C:\Users\PrasannaKommineni\.m2\repository\org\slf4j\jul-to-slf4j\1.7.31\jul-to-slf4j-1.7.31.jar;C:\Users\PrasannaKommineni\.m2\repository\jakarta\annotation\jakarta.annotation-api\1.3.5\jakarta.annotation-api-1.3.5.jar;C:\Users\PrasannaKommineni\.m2\repository\org\yaml\snakeyaml\1.28\snakeyaml-1.28.jar;C:\Users\PrasannaKommineni\.m2\repository\org\springframework\cloud\spring-cloud-sleuth-zipkin\3.0.3\spring-cloud-sleuth-zipkin-3.0.3.jar;C:\Users\PrasannaKommineni\.m2\repository\org\springframework\cloud\spring-cloud-sleuth-instrumentation\3.0.3\spring-cloud-sleuth-instrumentation-3.0.3.jar;C:\Users\PrasannaKommineni\.m2\repository\org\springframework\cloud\spring-cloud-sleuth-api\3.0.3\spring-cloud-sleuth-api-3.0.3.jar;C:\Users\PrasannaKommineni\.m2\repository\org\aspectj\aspectjrt\1.9.6\aspectjrt-1.9.6.jar;C:\Users\PrasannaKommineni\.m2\repository\org\springframework\cloud\spring-cloud-commons\3.0.3\spring-cloud-commons-3.0.3.jar;C:\Users\PrasannaKommineni\.m2\repository\org\springframework\security\spring-security-crypto\5.5.1\spring-security-crypto-5.5.1.jar;C:\Users\PrasannaKommineni\.m2\repository\io\zipkin\zipkin2\zipkin\2.23.0\zipkin-2.23.0.jar;C:\Users\PrasannaKommineni\.m2\repository\io\zipkin\reporter2\zipkin-reporter\2.16.1\zipkin-reporter-2.16.1.jar;C:\Users\PrasannaKommineni\.m2\repository\io\zipkin\reporter2\zipkin-reporter-brave\2.16.1\zipkin-reporter-brave-2.16.1.jar;C:\Users\PrasannaKommineni\.m2\repository\io\zipkin\reporter2\zipkin-sender-kafka\2.16.1\zipkin-sender-kafka-2.16.1.jar;C:\Users\PrasannaKommineni\.m2\repository\io\zipkin\reporter2\zipkin-sender-activemq-client\2.16.1\zipkin-sender-activemq-client-2.16.1.jar;C:\Users\PrasannaKommineni\.m2\repository\io\zipkin\reporter2\zipkin-sender-amqp-client\2.16.1\zipkin-sender-amqp-client-2.16.1.jar;C:\Users\PrasannaKommineni\.m2\repository\org\springframework\cloud\spring-cloud-starter-sleuth\3.0.3\spring-cloud-starter-sleuth-3.0.3.jar;C:\Users\PrasannaKommineni\.m2\repository\org\springframework\boot\spring-boot-starter-aop\2.5.2\spring-boot-starter-aop-2.5.2.jar;C:\Users\PrasannaKommineni\.m2\repository\org\aspectj\aspectjweaver\1.9.6\aspectjweaver-1.9.6.jar;C:\Users\PrasannaKommineni\.m2\repository\org\springframework\cloud\spring-cloud-sleuth-autoconfigure\3.0.3\spring-cloud-sleuth-autoconfigure-3.0.3.jar;C:\Users\PrasannaKommineni\.m2\repository\org\springframework\cloud\spring-cloud-sleuth-brave\3.0.3\spring-cloud-sleuth-brave-3.0.3.jar;C:\Users\PrasannaKommineni\.m2\repository\io\zipkin\brave\brave\5.13.2\brave-5.13.2.jar;C:\Users\PrasannaKommineni\.m2\repository\io\zipkin\brave\brave-context-slf4j\5.13.2\brave-context-slf4j-5.13.2.jar;C:\Users\PrasannaKommineni\.m2\repository\io\zipkin\brave\brave-instrumentation-messaging\5.13.2\brave-instrumentation-messaging-5.13.2.jar;C:\Users\PrasannaKommineni\.m2\repository\io\zipkin\brave\brave-instrumentation-rpc\5.13.2\brave-instrumentation-rpc-5.13.2.jar;C:\Users\PrasannaKommineni\.m2\repository\io\zipkin\brave\brave-instrumentation-spring-rabbit\5.13.2\brave-instrumentation-spring-rabbit-5.13.2.jar;C:\Users\PrasannaKommineni\.m2\repository\io\zipkin\brave\brave-instrumentation-kafka-clients\5.13.2\brave-instrumentation-kafka-clients-5.13.2.jar;C:\Users\PrasannaKommineni\.m2\repository\io\zipkin\brave\brave-instrumentation-kafka-streams\5.13.2\brave-instrumentation-kafka-streams-5.13.2.jar;C:\Users\PrasannaKommineni\.m2\repository\io\zipkin\brave\brave-instrumentation-httpclient\5.13.2\brave-instrumentation-httpclient-5.13.2.jar;C:\Users\PrasannaKommineni\.m2\repository\io\zipkin\brave\brave-instrumentation-http\5.13.2\brave-instrumentation-http-5.13.2.jar;C:\Users\PrasannaKommineni\.m2\repository\io\zipkin\brave\brave-instrumentation-httpasyncclient\5.13.2\brave-instrumentation-httpasyncclient-5.13.2.jar;C:\Users\PrasannaKommineni\.m2\repository\io\zipkin\brave\brave-instrumentation-jms\5.13.2\brave-instrumentation-jms-5.13.2.jar;C:\Users\PrasannaKommineni\.m2\repository\io\zipkin\brave\brave-instrumentation-mongodb\5.13.2\brave-instrumentation-mongodb-5.13.2.jar;C:\Users\PrasannaKommineni\.m2\repository\io\zipkin\aws\brave-propagation-aws\0.21.3\brave-propagation-aws-0.21.3.jar;C:\Users\PrasannaKommineni\.m2\repository\io\zipkin\reporter2\zipkin-reporter-metrics-micrometer\2.16.1\zipkin-reporter-metrics-micrometer-2.16.1.jar;"/>
    <property name="sun.cpu.endian" value="little"/>
    <property name="user.home" value="C:\Users\PrasannaKommineni"/>
    <property name="user.language" value="en"/>
    <property name="java.specification.vendor" value="Oracle Corporation"/>
    <property name="java.version.date" value="2020-10-20"/>
    <property name="java.home" value="C:\Program Files\Java\jdk-15.0.1"/>
    <property name="file.separator" value="\"/>
    <property name="basedir" value="C:\Users\PrasannaKommineni\Documents\workspace-spring-tool-suite-4-4.10.0.RELEASE\eureka-cc"/>
    <property name="java.vm.compressedOopsMode" value="Zero based"/>
    <property name="line.separator" value="&#10;"/>
    <property name="java.vm.specification.vendor" value="Oracle Corporation"/>
    <property name="java.specification.name" value="Java Platform API Specification"/>
    <property name="surefire.real.class.path" value="C:\Users\PRASAN~1\AppData\Local\Temp\surefire12776100494276181502\surefirebooter9179378434456167125.jar"/>
    <property name="user.script" value=""/>
    <property name="sun.management.compiler" value="HotSpot 64-Bit Tiered Compilers"/>
    <property name="java.runtime.version" value="15.0.1+9-18"/>
    <property name="user.name" value="000Y3X744"/>
    <property name="path.separator" value=";"/>
    <property name="os.version" value="10.0"/>
    <property name="java.runtime.name" value="Java(TM) SE Runtime Environment"/>
    <property name="file.encoding" value="Cp1252"/>
    <property name="java.vm.name" value="Java HotSpot(TM) 64-Bit Server VM"/>
    <property name="localRepository" value="C:\Users\PrasannaKommineni\.m2\repository"/>
    <property name="java.vendor.url.bug" value="https://bugreport.java.com/bugreport/"/>
    <property name="java.io.tmpdir" value="C:\Users\PRASAN~1\AppData\Local\Temp\"/>
    <property name="java.version" value="15.0.1"/>
    <property name="user.dir" value="C:\Users\PrasannaKommineni\Documents\workspace-spring-tool-suite-4-4.10.0.RELEASE\eureka-cc"/>
    <property name="os.arch" value="amd64"/>
    <property name="java.vm.specification.name" value="Java Virtual Machine Specification"/>
    <property name="sun.os.patch.level" value=""/>
    <property name="java.library.path" value="C:\Program Files\Java\jdk-15.0.1\bin;C:\WINDOWS\Sun\Java\bin;C:\WINDOWS\system32;C:\WINDOWS;C:\Program Files (x86)\RSA SecurID Token Common;C:\Program Files\RSA SecurID Token Common;C:\Program Files\Common Files\Oracle\Java\javapath;C:\WINDOWS\system32;C:\WINDOWS;C:\WINDOWS\System32\Wbem;C:\WINDOWS\System32\WindowsPowerShell\v1.0\;C:\WINDOWS\System32\OpenSSH\;C:\Program Files\nodejs\;C:\Program Files\RSA SecurID Token Common\;C:\Users\PrasannaKommineni\AppData\Local\Microsoft\WindowsApps;C:\Users\PrasannaKommineni\AppData\Local\Programs\Microsoft VS Code\bin;C:\Users\PrasannaKommineni\AppData\Roaming\npm\node_modules;C:\Users\PrasannaKommineni\AppData\Roaming\npm;C:\Program Files\Amazon\AWSCLIV2\;C:\Program Files\Git\cmd;C:\Program Files\apache-maven-3.8.1\bin;C:\Program Files\eksctl_Windows_amd64;C:\Program Files\istio-1.10.0\bin;C:\Program Files\Amazon\AWSSAMCLI\bin\;C:\Program Files\Docker\Docker\resources\bin;C:\ProgramData\DockerDesktop\version-bin;C:\Program Files\RSA SecurID Token Common\;C:\Users\PrasannaKommineni\AppData\Local\Microsoft\WindowsApps;C:\Users\PrasannaKommineni\AppData\Local\Programs\Microsoft VS Code\bin;C:\Users\PrasannaKommineni\AppData\Roaming\npm\node_modules;&quot;C:\Program Files\nodejs\node.exe;&quot;;;."/>
    <property name="java.vm.info" value="mixed mode, sharing"/>
    <property name="java.vendor" value="Oracle Corporation"/>
    <property name="java.vm.version" value="15.0.1+9-18"/>
    <property name="sun.io.unicode.encoding" value="UnicodeLittle"/>
    <property name="java.class.version" value="59.0"/>
  </properties>
  <testcase name="com.kps.curencyconv.EurekaCcApplicationTests" classname="com.kps.curencyconv.EurekaCcApplicationTests" time="0.91">
    <error message="Unable to find a @SpringBootConfiguration, you need to use @ContextConfiguration or @SpringBootTest(classes=...) with your test" type="java.lang.IllegalStateException">java.lang.IllegalStateException: Unable to find a @SpringBootConfiguration, you need to use @ContextConfiguration or @SpringBootTest(classes=...) with your test
</error>
    <system-out><![CDATA[17:32:50.458 [main] DEBUG org.springframework.test.context.BootstrapUtils - Instantiating CacheAwareContextLoaderDelegate from class [org.springframework.test.context.cache.DefaultCacheAwareContextLoaderDelegate]
17:32:50.487 [main] DEBUG org.springframework.test.context.BootstrapUtils - Instantiating BootstrapContext using constructor [public org.springframework.test.context.support.DefaultBootstrapContext(java.lang.Class,org.springframework.test.context.CacheAwareContextLoaderDelegate)]
17:32:50.575 [main] DEBUG org.springframework.test.context.BootstrapUtils - Instantiating TestContextBootstrapper for test class [com.kps.curencyconv.EurekaCcApplicationTests] from class [org.springframework.boot.test.context.SpringBootTestContextBootstrapper]
17:32:50.641 [main] INFO org.springframework.boot.test.context.SpringBootTestContextBootstrapper - Neither @ContextConfiguration nor @ContextHierarchy found for test class [com.kps.curencyconv.EurekaCcApplicationTests], using SpringBootContextLoader
17:32:50.661 [main] DEBUG org.springframework.test.context.support.AbstractContextLoader - Did not detect default resource location for test class [com.kps.curencyconv.EurekaCcApplicationTests]: class path resource [com/kps/curencyconv/EurekaCcApplicationTests-context.xml] does not exist
17:32:50.663 [main] DEBUG org.springframework.test.context.support.AbstractContextLoader - Did not detect default resource location for test class [com.kps.curencyconv.EurekaCcApplicationTests]: class path resource [com/kps/curencyconv/EurekaCcApplicationTestsContext.groovy] does not exist
17:32:50.664 [main] INFO org.springframework.test.context.support.AbstractContextLoader - Could not detect default resource locations for test class [com.kps.curencyconv.EurekaCcApplicationTests]: no resource found for suffixes {-context.xml, Context.groovy}.
17:32:50.668 [main] INFO org.springframework.test.context.support.AnnotationConfigContextLoaderUtils - Could not detect default configuration classes for test class [com.kps.curencyconv.EurekaCcApplicationTests]: EurekaCcApplicationTests does not declare any static, non-private, non-final, nested classes annotated with @Configuration.
17:32:50.904 [main] DEBUG org.springframework.test.context.support.ActiveProfilesUtils - Could not find an 'annotation declaring class' for annotation type [org.springframework.test.context.ActiveProfiles] and class [com.kps.curencyconv.EurekaCcApplicationTests]
]]></system-out>
  </testcase>
</testsuite>